<?xml version="1.0" encoding="UTF-8"?>
<!-- Generated by org.testng.reporters.JUnitReportReporter -->
<testsuite hostname="U-DD2X5T3" failures="0" tests="1" name="rb.suite.RatingBarSuite" time="14.014" errors="0" timestamp="2023-07-04T13:13:39 IST" skipped="0">
  <testcase classname="rb.suite.RatingBarSuite" name="f" time="14.014"/>
</testsuite> <!-- rb.suite.RatingBarSuite -->
