<?xml version="1.0" encoding="UTF-8"?>
<!-- Generated by org.testng.reporters.JUnitReportReporter -->
<testsuite hostname="U-DD2X5T3" failures="0" tests="1" name="rb.suite.RatingBarSuite" time="15.272" errors="0" timestamp="2023-07-04T11:24:40 IST" skipped="0">
  <testcase classname="rb.suite.RatingBarSuite" name="f" time="15.272"/>
</testsuite> <!-- rb.suite.RatingBarSuite -->
