<?xml version="1.0" encoding="UTF-8"?>
<!-- Generated by org.testng.reporters.JUnitReportReporter -->
<testsuite hostname="U-DD2X5T3" failures="0" tests="1" name="rb.suite.SwipeActionsSuite" time="43.866" errors="0" timestamp="2023-06-30T19:04:28 IST" skipped="0">
  <testcase classname="rb.suite.SwipeActionsSuite" name="testSwipeGestures" time="43.866"/>
</testsuite> <!-- rb.suite.SwipeActionsSuite -->
