<?xml version="1.0" encoding="UTF-8"?>
<!-- Generated by org.testng.reporters.JUnitReportReporter -->
<testsuite hostname="U-DD2X5T3" failures="0" tests="1" name="rb.suite.SwipeActionsSuite" time="20.748" errors="0" timestamp="2023-07-03T15:58:41 IST" skipped="0">
  <testcase classname="rb.suite.SwipeActionsSuite" name="testSwipeGestures" time="20.748"/>
</testsuite> <!-- rb.suite.SwipeActionsSuite -->
