<?xml version="1.0" encoding="UTF-8"?>
<!-- Generated by org.testng.reporters.JUnitReportReporter -->
<testsuite hostname="U-DD2X5T3" failures="0" tests="1" name="rb.suite.SwipeActionsSuite" time="44.809" errors="0" timestamp="2023-07-03T14:47:37 IST" skipped="0">
  <testcase classname="rb.suite.SwipeActionsSuite" name="testSwipeGestures" time="44.809"/>
</testsuite> <!-- rb.suite.SwipeActionsSuite -->
